Analysis & Synthesis report for HW4
Mon Jun 08 23:45:24 2020
Quartus Prime Version 18.1.0 Build 625 09/12/2018 SJ Lite Edition


---------------------
; Table of Contents ;
---------------------
  1. Legal Notice
  2. Analysis & Synthesis Summary
  3. Analysis & Synthesis Settings
  4. Parallel Compilation
  5. Analysis & Synthesis Source Files Read
  6. Analysis & Synthesis Resource Usage Summary
  7. Analysis & Synthesis Resource Utilization by Entity
  8. State Machine - |AM2302_master|state
  9. State Machine - |AM2302_master|next_state
 10. Registers Removed During Synthesis
 11. General Register Statistics
 12. Inverted Register Statistics
 13. Multiplexer Restructuring Statistics (Restructuring Performed)
 14. Parameter Settings for User Entity Instance: Top-level Entity: |AM2302_master
 15. Port Connectivity Checks: "edge_detect:sdain"
 16. Post-Synthesis Netlist Statistics for Top Partition
 17. Elapsed Time Per Partition
 18. Analysis & Synthesis Messages



----------------
; Legal Notice ;
----------------
Copyright (C) 2018  Intel Corporation. All rights reserved.
Your use of Intel Corporation's design tools, logic functions 
and other software and tools, and its AMPP partner logic 
functions, and any output files from any of the foregoing 
(including device programming or simulation files), and any 
associated documentation or information are expressly subject 
to the terms and conditions of the Intel Program License 
Subscription Agreement, the Intel Quartus Prime License Agreement,
the Intel FPGA IP License Agreement, or other applicable license
agreement, including, without limitation, that your use is for
the sole purpose of programming logic devices manufactured by
Intel and sold by Intel or its authorized distributors.  Please
refer to the applicable agreement for further details.



+----------------------------------------------------------------------------------+
; Analysis & Synthesis Summary                                                     ;
+------------------------------------+---------------------------------------------+
; Analysis & Synthesis Status        ; Successful - Mon Jun 08 23:45:24 2020       ;
; Quartus Prime Version              ; 18.1.0 Build 625 09/12/2018 SJ Lite Edition ;
; Revision Name                      ; HW4                                         ;
; Top-level Entity Name              ; AM2302_master                               ;
; Family                             ; Cyclone IV E                                ;
; Total logic elements               ; 363                                         ;
;     Total combinational functions  ; 316                                         ;
;     Dedicated logic registers      ; 159                                         ;
; Total registers                    ; 159                                         ;
; Total pins                         ; 29                                          ;
; Total virtual pins                 ; 0                                           ;
; Total memory bits                  ; 0                                           ;
; Embedded Multiplier 9-bit elements ; 0                                           ;
; Total PLLs                         ; 0                                           ;
+------------------------------------+---------------------------------------------+


+------------------------------------------------------------------------------------------------------------+
; Analysis & Synthesis Settings                                                                              ;
+------------------------------------------------------------------+--------------------+--------------------+
; Option                                                           ; Setting            ; Default Value      ;
+------------------------------------------------------------------+--------------------+--------------------+
; Device                                                           ; EP4CE115F29C7      ;                    ;
; Top-level entity name                                            ; AM2302_master      ; HW4                ;
; Family name                                                      ; Cyclone IV E       ; Cyclone V          ;
; Use smart compilation                                            ; Off                ; Off                ;
; Enable parallel Assembler and Timing Analyzer during compilation ; On                 ; On                 ;
; Enable compact report table                                      ; Off                ; Off                ;
; Restructure Multiplexers                                         ; Auto               ; Auto               ;
; Create Debugging Nodes for IP Cores                              ; Off                ; Off                ;
; Preserve fewer node names                                        ; On                 ; On                 ;
; Intel FPGA IP Evaluation Mode                                    ; Enable             ; Enable             ;
; Verilog Version                                                  ; Verilog_2001       ; Verilog_2001       ;
; VHDL Version                                                     ; VHDL_1993          ; VHDL_1993          ;
; State Machine Processing                                         ; Auto               ; Auto               ;
; Safe State Machine                                               ; Off                ; Off                ;
; Extract Verilog State Machines                                   ; On                 ; On                 ;
; Extract VHDL State Machines                                      ; On                 ; On                 ;
; Ignore Verilog initial constructs                                ; Off                ; Off                ;
; Iteration limit for constant Verilog loops                       ; 5000               ; 5000               ;
; Iteration limit for non-constant Verilog loops                   ; 250                ; 250                ;
; Add Pass-Through Logic to Inferred RAMs                          ; On                 ; On                 ;
; Infer RAMs from Raw Logic                                        ; On                 ; On                 ;
; Parallel Synthesis                                               ; On                 ; On                 ;
; DSP Block Balancing                                              ; Auto               ; Auto               ;
; NOT Gate Push-Back                                               ; On                 ; On                 ;
; Power-Up Don't Care                                              ; On                 ; On                 ;
; Remove Redundant Logic Cells                                     ; Off                ; Off                ;
; Remove Duplicate Registers                                       ; On                 ; On                 ;
; Ignore CARRY Buffers                                             ; Off                ; Off                ;
; Ignore CASCADE Buffers                                           ; Off                ; Off                ;
; Ignore GLOBAL Buffers                                            ; Off                ; Off                ;
; Ignore ROW GLOBAL Buffers                                        ; Off                ; Off                ;
; Ignore LCELL Buffers                                             ; Off                ; Off                ;
; Ignore SOFT Buffers                                              ; On                 ; On                 ;
; Limit AHDL Integers to 32 Bits                                   ; Off                ; Off                ;
; Optimization Technique                                           ; Balanced           ; Balanced           ;
; Carry Chain Length                                               ; 70                 ; 70                 ;
; Auto Carry Chains                                                ; On                 ; On                 ;
; Auto Open-Drain Pins                                             ; On                 ; On                 ;
; Perform WYSIWYG Primitive Resynthesis                            ; Off                ; Off                ;
; Auto ROM Replacement                                             ; On                 ; On                 ;
; Auto RAM Replacement                                             ; On                 ; On                 ;
; Auto DSP Block Replacement                                       ; On                 ; On                 ;
; Auto Shift Register Replacement                                  ; Auto               ; Auto               ;
; Allow Shift Register Merging across Hierarchies                  ; Auto               ; Auto               ;
; Auto Clock Enable Replacement                                    ; On                 ; On                 ;
; Strict RAM Replacement                                           ; Off                ; Off                ;
; Allow Synchronous Control Signals                                ; On                 ; On                 ;
; Force Use of Synchronous Clear Signals                           ; Off                ; Off                ;
; Auto RAM Block Balancing                                         ; On                 ; On                 ;
; Auto RAM to Logic Cell Conversion                                ; Off                ; Off                ;
; Auto Resource Sharing                                            ; Off                ; Off                ;
; Allow Any RAM Size For Recognition                               ; Off                ; Off                ;
; Allow Any ROM Size For Recognition                               ; Off                ; Off                ;
; Allow Any Shift Register Size For Recognition                    ; Off                ; Off                ;
; Use LogicLock Constraints during Resource Balancing              ; On                 ; On                 ;
; Ignore translate_off and synthesis_off directives                ; Off                ; Off                ;
; Timing-Driven Synthesis                                          ; On                 ; On                 ;
; Report Parameter Settings                                        ; On                 ; On                 ;
; Report Source Assignments                                        ; On                 ; On                 ;
; Report Connectivity Checks                                       ; On                 ; On                 ;
; Ignore Maximum Fan-Out Assignments                               ; Off                ; Off                ;
; Synchronization Register Chain Length                            ; 2                  ; 2                  ;
; Power Optimization During Synthesis                              ; Normal compilation ; Normal compilation ;
; HDL message level                                                ; Level2             ; Level2             ;
; Suppress Register Optimization Related Messages                  ; Off                ; Off                ;
; Number of Removed Registers Reported in Synthesis Report         ; 5000               ; 5000               ;
; Number of Swept Nodes Reported in Synthesis Report               ; 5000               ; 5000               ;
; Number of Inverted Registers Reported in Synthesis Report        ; 100                ; 100                ;
; Clock MUX Protection                                             ; On                 ; On                 ;
; Auto Gated Clock Conversion                                      ; Off                ; Off                ;
; Block Design Naming                                              ; Auto               ; Auto               ;
; SDC constraint protection                                        ; Off                ; Off                ;
; Synthesis Effort                                                 ; Auto               ; Auto               ;
; Shift Register Replacement - Allow Asynchronous Clear Signal     ; On                 ; On                 ;
; Pre-Mapping Resynthesis Optimization                             ; Off                ; Off                ;
; Analysis & Synthesis Message Level                               ; Medium             ; Medium             ;
; Disable Register Merging Across Hierarchies                      ; Auto               ; Auto               ;
; Resource Aware Inference For Block RAM                           ; On                 ; On                 ;
+------------------------------------------------------------------+--------------------+--------------------+


+------------------------------------------+
; Parallel Compilation                     ;
+----------------------------+-------------+
; Processors                 ; Number      ;
+----------------------------+-------------+
; Number detected on machine ; 4           ;
; Maximum allowed            ; 2           ;
;                            ;             ;
; Average used               ; 1.00        ;
; Maximum used               ; 2           ;
;                            ;             ;
; Usage by Processor         ; % Time Used ;
;     Processor 1            ; 100.0%      ;
;     Processor 2            ;   0.0%      ;
+----------------------------+-------------+


+----------------------------------------------------------------------------------------------------------------------------+
; Analysis & Synthesis Source Files Read                                                                                     ;
+----------------------------------+-----------------+------------------------+------------------------------------+---------+
; File Name with User-Entered Path ; Used in Netlist ; File Type              ; File Name with Absolute Path       ; Library ;
+----------------------------------+-----------------+------------------------+------------------------------------+---------+
; AM2302_master.v                  ; yes             ; User Verilog HDL File  ; D:/QuartusCode/HW4/AM2302_master.v ;         ;
; edge_detect.v                    ; yes             ; User Verilog HDL File  ; D:/QuartusCode/HW4/edge_detect.v   ;         ;
+----------------------------------+-----------------+------------------------+------------------------------------+---------+


+---------------------------------------------------------+
; Analysis & Synthesis Resource Usage Summary             ;
+---------------------------------------------+-----------+
; Resource                                    ; Usage     ;
+---------------------------------------------+-----------+
; Estimated Total logic elements              ; 363       ;
;                                             ;           ;
; Total combinational functions               ; 316       ;
; Logic element usage by number of LUT inputs ;           ;
;     -- 4 input functions                    ; 175       ;
;     -- 3 input functions                    ; 30        ;
;     -- <=2 input functions                  ; 111       ;
;                                             ;           ;
; Logic elements by mode                      ;           ;
;     -- normal mode                          ; 223       ;
;     -- arithmetic mode                      ; 93        ;
;                                             ;           ;
; Total registers                             ; 159       ;
;     -- Dedicated logic registers            ; 159       ;
;     -- I/O registers                        ; 0         ;
;                                             ;           ;
; I/O pins                                    ; 29        ;
;                                             ;           ;
; Embedded Multiplier 9-bit elements          ; 0         ;
;                                             ;           ;
; Maximum fan-out node                        ; clk~input ;
; Maximum fan-out                             ; 159       ;
; Total fan-out                               ; 1664      ;
; Average fan-out                             ; 3.12      ;
+---------------------------------------------+-----------+


+-------------------------------------------------------------------------------------------------------------------------------------------------------------------------------------------------------------------------+
; Analysis & Synthesis Resource Utilization by Entity                                                                                                                                                                     ;
+----------------------------+---------------------+---------------------------+-------------+--------------+---------+-----------+------+--------------+----------------------------------+---------------+--------------+
; Compilation Hierarchy Node ; Combinational ALUTs ; Dedicated Logic Registers ; Memory Bits ; DSP Elements ; DSP 9x9 ; DSP 18x18 ; Pins ; Virtual Pins ; Full Hierarchy Name              ; Entity Name   ; Library Name ;
+----------------------------+---------------------+---------------------------+-------------+--------------+---------+-----------+------+--------------+----------------------------------+---------------+--------------+
; |AM2302_master             ; 316 (314)           ; 159 (157)                 ; 0           ; 0            ; 0       ; 0         ; 29   ; 0            ; |AM2302_master                   ; AM2302_master ; work         ;
;    |edge_detect:sdain|     ; 2 (2)               ; 2 (2)                     ; 0           ; 0            ; 0       ; 0         ; 0    ; 0            ; |AM2302_master|edge_detect:sdain ; edge_detect   ; work         ;
+----------------------------+---------------------+---------------------------+-------------+--------------+---------+-----------+------+--------------+----------------------------------+---------------+--------------+
Note: For table entries with two numbers listed, the numbers in parentheses indicate the number of resources of the given type used by the specific entity alone. The numbers listed outside of parentheses indicate the total resources of the given type used by the specific entity and all of its sub-entities in the hierarchy.


Encoding Type:  One-Hot
+-----------------------------------------------------------------------------------------+
; State Machine - |AM2302_master|state                                                    ;
+----------------+------------+----------------+------------+------------+----------------+
; Name           ; state.data ; state.response ; state.star ; state.idle ; state.complete ;
+----------------+------------+----------------+------------+------------+----------------+
; state.idle     ; 0          ; 0              ; 0          ; 0          ; 0              ;
; state.star     ; 0          ; 0              ; 1          ; 1          ; 0              ;
; state.response ; 0          ; 1              ; 0          ; 1          ; 0              ;
; state.data     ; 1          ; 0              ; 0          ; 1          ; 0              ;
; state.complete ; 0          ; 0              ; 0          ; 1          ; 1              ;
+----------------+------------+----------------+------------+------------+----------------+


Encoding Type:  One-Hot
+-----------------------------------------------------------------------------------------------------------------------+
; State Machine - |AM2302_master|next_state                                                                             ;
+---------------------+-----------------+---------------------+-----------------+-----------------+---------------------+
; Name                ; next_state.data ; next_state.response ; next_state.star ; next_state.idle ; next_state.complete ;
+---------------------+-----------------+---------------------+-----------------+-----------------+---------------------+
; next_state.idle     ; 0               ; 0                   ; 0               ; 0               ; 0                   ;
; next_state.star     ; 0               ; 0                   ; 1               ; 1               ; 0                   ;
; next_state.response ; 0               ; 1                   ; 0               ; 1               ; 0                   ;
; next_state.data     ; 1               ; 0                   ; 0               ; 1               ; 0                   ;
; next_state.complete ; 0               ; 0                   ; 0               ; 1               ; 1                   ;
+---------------------+-----------------+---------------------+-----------------+-----------------+---------------------+


+------------------------------------------------------------+
; Registers Removed During Synthesis                         ;
+---------------------------------------+--------------------+
; Register name                         ; Reason for Removal ;
+---------------------------------------+--------------------+
; state~9                               ; Lost fanout        ;
; state~10                              ; Lost fanout        ;
; next_state~4                          ; Lost fanout        ;
; next_state~5                          ; Lost fanout        ;
; Total Number of Removed Registers = 4 ;                    ;
+---------------------------------------+--------------------+


+------------------------------------------------------+
; General Register Statistics                          ;
+----------------------------------------------+-------+
; Statistic                                    ; Value ;
+----------------------------------------------+-------+
; Total registers                              ; 159   ;
; Number of registers using Synchronous Clear  ; 64    ;
; Number of registers using Synchronous Load   ; 0     ;
; Number of registers using Asynchronous Clear ; 159   ;
; Number of registers using Asynchronous Load  ; 0     ;
; Number of registers using Clock Enable       ; 75    ;
; Number of registers using Preset             ; 0     ;
+----------------------------------------------+-------+


+--------------------------------------------------+
; Inverted Register Statistics                     ;
+----------------------------------------+---------+
; Inverted Register                      ; Fan out ;
+----------------------------------------+---------+
; next                                   ; 4       ;
; Total number of inverted registers = 1 ;         ;
+----------------------------------------+---------+


+---------------------------------------------------------------------------------------------------------------------------------------------+
; Multiplexer Restructuring Statistics (Restructuring Performed)                                                                              ;
+--------------------+-----------+---------------+----------------------+------------------------+------------+-------------------------------+
; Multiplexer Inputs ; Bus Width ; Baseline Area ; Area if Restructured ; Saving if Restructured ; Registered ; Example Multiplexer Output    ;
+--------------------+-----------+---------------+----------------------+------------------------+------------+-------------------------------+
; 3:1                ; 32 bits   ; 64 LEs        ; 32 LEs               ; 32 LEs                 ; Yes        ; |AM2302_master|data_count[22] ;
; 3:1                ; 4 bits    ; 8 LEs         ; 4 LEs                ; 4 LEs                  ; No         ; |AM2302_master|state          ;
; 8:1                ; 8 bits    ; 40 LEs        ; 32 LEs               ; 8 LEs                  ; No         ; |AM2302_master|sfr_data_out   ;
+--------------------+-----------+---------------+----------------------+------------------------+------------+-------------------------------+


+-------------------------------------------------------------------------------+
; Parameter Settings for User Entity Instance: Top-level Entity: |AM2302_master ;
+----------------+-------+------------------------------------------------------+
; Parameter Name ; Value ; Type                                                 ;
+----------------+-------+------------------------------------------------------+
; idle           ; 0     ; Signed Integer                                       ;
; star           ; 1     ; Signed Integer                                       ;
; response       ; 2     ; Signed Integer                                       ;
; data           ; 3     ; Signed Integer                                       ;
; complete       ; 4     ; Signed Integer                                       ;
+----------------+-------+------------------------------------------------------+
Note: In order to hide this table in the UI and the text report file, please set the "Show Parameter Settings in Synthesis Report" option in "Analysis and Synthesis Settings -> More Settings" to "Off".


+--------------------------------------------------------------------------------------------------------------------+
; Port Connectivity Checks: "edge_detect:sdain"                                                                      ;
+----------+--------+----------+-------------------------------------------------------------------------------------+
; Port     ; Type   ; Severity ; Details                                                                             ;
+----------+--------+----------+-------------------------------------------------------------------------------------+
; neg_edge ; Output ; Info     ; Connected to dangling logic. Logic that only feeds a dangling port will be removed. ;
+----------+--------+----------+-------------------------------------------------------------------------------------+


+-----------------------------------------------------+
; Post-Synthesis Netlist Statistics for Top Partition ;
+-----------------------+-----------------------------+
; Type                  ; Count                       ;
+-----------------------+-----------------------------+
; boundary_port         ; 29                          ;
; cycloneiii_ff         ; 159                         ;
;     CLR               ; 52                          ;
;     CLR SCLR          ; 32                          ;
;     ENA CLR           ; 43                          ;
;     ENA CLR SCLR      ; 32                          ;
; cycloneiii_io_obuf    ; 1                           ;
; cycloneiii_lcell_comb ; 316                         ;
;     arith             ; 93                          ;
;         2 data inputs ; 93                          ;
;     normal            ; 223                         ;
;         1 data inputs ; 4                           ;
;         2 data inputs ; 14                          ;
;         3 data inputs ; 30                          ;
;         4 data inputs ; 175                         ;
;                       ;                             ;
; Max LUT depth         ; 11.20                       ;
; Average LUT depth     ; 6.31                        ;
+-----------------------+-----------------------------+


+-------------------------------+
; Elapsed Time Per Partition    ;
+----------------+--------------+
; Partition Name ; Elapsed Time ;
+----------------+--------------+
; Top            ; 00:00:01     ;
+----------------+--------------+


+-------------------------------+
; Analysis & Synthesis Messages ;
+-------------------------------+
Info: *******************************************************************
Info: Running Quartus Prime Analysis & Synthesis
    Info: Version 18.1.0 Build 625 09/12/2018 SJ Lite Edition
    Info: Processing started: Mon Jun 08 23:44:49 2020
Info: Command: quartus_map --read_settings_files=on --write_settings_files=off HW4 -c HW4
Warning (18236): Number of processors has not been specified which may cause overloading on shared machines.  Set the global assignment NUM_PARALLEL_PROCESSORS in your QSF to an appropriate value for best performance.
Info (20030): Parallel compilation is enabled and will use 2 of the 2 processors detected
Info (12021): Found 1 design units, including 1 entities, in source file am2302.v
    Info (12023): Found entity 1: AM2302 File: D:/QuartusCode/HW4/AM2302.v Line: 4
Info (12021): Found 1 design units, including 1 entities, in source file am2302_master.v
    Info (12023): Found entity 1: AM2302_master File: D:/QuartusCode/HW4/AM2302_master.v Line: 1
Info (12021): Found 1 design units, including 1 entities, in source file edge_detect.v
    Info (12023): Found entity 1: edge_detect File: D:/QuartusCode/HW4/edge_detect.v Line: 1
Info (12127): Elaborating entity "AM2302_master" for the top level hierarchy
Warning (10036): Verilog HDL or VHDL warning at AM2302_master.v(30): object "humidityH_wr" assigned a value but never read File: D:/QuartusCode/HW4/AM2302_master.v Line: 30
Warning (10036): Verilog HDL or VHDL warning at AM2302_master.v(31): object "humidityL_wr" assigned a value but never read File: D:/QuartusCode/HW4/AM2302_master.v Line: 31
Warning (10036): Verilog HDL or VHDL warning at AM2302_master.v(32): object "temperatureH_wr" assigned a value but never read File: D:/QuartusCode/HW4/AM2302_master.v Line: 32
Warning (10036): Verilog HDL or VHDL warning at AM2302_master.v(33): object "temperatureL_wr" assigned a value but never read File: D:/QuartusCode/HW4/AM2302_master.v Line: 33
Warning (10036): Verilog HDL or VHDL warning at AM2302_master.v(34): object "check_wr" assigned a value but never read File: D:/QuartusCode/HW4/AM2302_master.v Line: 34
Warning (10036): Verilog HDL or VHDL warning at AM2302_master.v(61): object "logic_in_range" assigned a value but never read File: D:/QuartusCode/HW4/AM2302_master.v Line: 61
Warning (10230): Verilog HDL assignment warning at AM2302_master.v(63): truncated value with size 32 to match size of target (1) File: D:/QuartusCode/HW4/AM2302_master.v Line: 63
Warning (10230): Verilog HDL assignment warning at AM2302_master.v(64): truncated value with size 32 to match size of target (1) File: D:/QuartusCode/HW4/AM2302_master.v Line: 64
Warning (10230): Verilog HDL assignment warning at AM2302_master.v(65): truncated value with size 32 to match size of target (1) File: D:/QuartusCode/HW4/AM2302_master.v Line: 65
Warning (10230): Verilog HDL assignment warning at AM2302_master.v(66): truncated value with size 32 to match size of target (1) File: D:/QuartusCode/HW4/AM2302_master.v Line: 66
Warning (10230): Verilog HDL assignment warning at AM2302_master.v(67): truncated value with size 32 to match size of target (1) File: D:/QuartusCode/HW4/AM2302_master.v Line: 67
Warning (10230): Verilog HDL assignment warning at AM2302_master.v(68): truncated value with size 32 to match size of target (1) File: D:/QuartusCode/HW4/AM2302_master.v Line: 68
Warning (10230): Verilog HDL assignment warning at AM2302_master.v(145): truncated value with size 32 to match size of target (1) File: D:/QuartusCode/HW4/AM2302_master.v Line: 145
Warning (10230): Verilog HDL assignment warning at AM2302_master.v(216): truncated value with size 32 to match size of target (8) File: D:/QuartusCode/HW4/AM2302_master.v Line: 216
Info (12128): Elaborating entity "edge_detect" for hierarchy "edge_detect:sdain" File: D:/QuartusCode/HW4/AM2302_master.v Line: 89
Info (13000): Registers with preset signals will power-up high File: D:/QuartusCode/HW4/AM2302_master.v Line: 36
Info (13003): DEV_CLRn pin will set, and not reset, register with preset signal due to NOT Gate Push-Back
Info (286030): Timing-Driven Synthesis is running
Critical Warning (18061): Ignored Power-Up Level option on the following registers
    Critical Warning (18010): Register isout will power up to Low File: D:/QuartusCode/HW4/AM2302_master.v Line: 40
Info (17049): 4 registers lost all their fanouts during netlist optimizations.
Info (16010): Generating hard_block partition "hard_block:auto_generated_inst"
    Info (16011): Adding 0 node(s), including 0 DDIO, 0 PLL, 0 transceiver and 0 LCELL
Info (21057): Implemented 393 device resources after synthesis - the final resource count might be different
    Info (21058): Implemented 20 input pins
    Info (21059): Implemented 8 output pins
    Info (21060): Implemented 1 bidirectional pins
    Info (21061): Implemented 364 logic cells
Info: Quartus Prime Analysis & Synthesis was successful. 0 errors, 17 warnings
    Info: Peak virtual memory: 4763 megabytes
    Info: Processing ended: Mon Jun 08 23:45:24 2020
    Info: Elapsed time: 00:00:35
    Info: Total CPU time (on all processors): 00:00:39


